# JRE version: OpenJDK Runtime Environment (11.0.2+9) (build 11.0.2+9)
# Java VM: OpenJDK 64-Bit Server VM (11.0.2+9, mixed mode, tiered, compressed oops, g1 gc, windows-amd64)
Heap:
 garbage-first heap   total 284672K, used 86521K [0x0000000741c00000, 0x0000000800000000)
  region size 1024K, 47 young (48128K), 10 survivors (10240K)
 Metaspace       used 56790K, capacity 59735K, committed 59948K, reserved 1099776K
  class space    used 7544K, capacity 8812K, committed 8832K, reserved 1048576K
GC Heap History (10 events):
Event: 1135.143 GC heap before
{Heap before GC invocations=16 (full 0):
 garbage-first heap   total 284672K, used 209661K [0x0000000741c00000, 0x0000000800000000)
  region size 1024K, 166 young (169984K), 10 survivors (10240K)
 Metaspace       used 56787K, capacity 59735K, committed 59948K, reserved 1099776K
  class space    used 7544K, capacity 8812K, committed 8832K, reserved 1048576K
}
Event: 1135.154 GC heap after
{Heap after GC invocations=17 (full 0):
 garbage-first heap   total 284672K, used 49612K [0x0000000741c00000, 0x0000000800000000)
  region size 1024K, 10 young (10240K), 10 survivors (10240K)
 Metaspace       used 56787K, capacity 59735K, committed 59948K, reserved 1099776K
  class space    used 7544K, capacity 8812K, committed 8832K, reserved 1048576K
}
Event: 2777.911 GC heap before
{Heap before GC invocations=17 (full 0):
 garbage-first heap   total 284672K, used 209356K [0x0000000741c00000, 0x0000000800000000)
  region size 1024K, 166 young (169984K), 10 survivors (10240K)
 Metaspace       used 56787K, capacity 59735K, committed 59948K, reserved 1099776K
  class space    used 7544K, capacity 8812K, committed 8832K, reserved 1048576K
}
Event: 2777.920 GC heap after
{Heap after GC invocations=18 (full 0):
 garbage-first heap   total 284672K, used 49261K [0x0000000741c00000, 0x0000000800000000)
  region size 1024K, 9 young (9216K), 9 survivors (9216K)
 Metaspace       used 56787K, capacity 59735K, committed 59948K, reserved 1099776K
  class space    used 7544K, capacity 8812K, committed 8832K, reserved 1048576K
}
Event: 4434.551 GC heap before
{Heap before GC invocations=18 (full 0):
 garbage-first heap   total 284672K, used 210029K [0x0000000741c00000, 0x0000000800000000)
  region size 1024K, 166 young (169984K), 9 survivors (9216K)
 Metaspace       used 56787K, capacity 59735K, committed 59948K, reserved 1099776K
  class space    used 7544K, capacity 8812K, committed 8832K, reserved 1048576K
}
Event: 4434.564 GC heap after
{Heap after GC invocations=19 (full 0):
 garbage-first heap   total 284672K, used 49261K [0x0000000741c00000, 0x0000000800000000)
  region size 1024K, 9 young (9216K), 9 survivors (9216K)
 Metaspace       used 56787K, capacity 59735K, committed 59948K, reserved 1099776K
  class space    used 7544K, capacity 8812K, committed 8832K, reserved 1048576K
}
Event: 6101.047 GC heap before
{Heap before GC invocations=19 (full 0):
 garbage-first heap   total 284672K, used 210029K [0x0000000741c00000, 0x0000000800000000)
  region size 1024K, 166 young (169984K), 9 survivors (9216K)
 Metaspace       used 56788K, capacity 59735K, committed 59948K, reserved 1099776K
  class space    used 7544K, capacity 8812K, committed 8832K, reserved 1048576K
}
Event: 6101.058 GC heap after
{Heap after GC invocations=20 (full 0):
 garbage-first heap   total 284672K, used 49310K [0x0000000741c00000, 0x0000000800000000)
  region size 1024K, 10 young (10240K), 10 survivors (10240K)
 Metaspace       used 56788K, capacity 59735K, committed 59948K, reserved 1099776K
  class space    used 7544K, capacity 8812K, committed 8832K, reserved 1048576K
}
Event: 7746.872 GC heap before
{Heap before GC invocations=20 (full 0):
 garbage-first heap   total 284672K, used 209054K [0x0000000741c00000, 0x0000000800000000)
  region size 1024K, 166 young (169984K), 10 survivors (10240K)
 Metaspace       used 56788K, capacity 59735K, committed 59948K, reserved 1099776K
  class space    used 7544K, capacity 8812K, committed 8832K, reserved 1048576K
}
Event: 7746.883 GC heap after
{Heap after GC invocations=21 (full 0):
 garbage-first heap   total 284672K, used 49657K [0x0000000741c00000, 0x0000000800000000)
  region size 1024K, 10 young (10240K), 10 survivors (10240K)
 Metaspace       used 56788K, capacity 59735K, committed 59948K, reserved 1099776K
  class space    used 7544K, capacity 8812K, committed 8832K, reserved 1048576K
}

